[error] [YamlParser::Parse] Can't Open file C:/Users/sawic/Documents/DAVAProject/logTags.yaml for read
[info] EngineBackend::OnGameLoopStarted: enter
[info] GameCore::OnAppStarted begin
[info] 18:13:28 +1 [wwise] Wwise sound system was successfully initialized.
[info] SetBattleState unknown
[info] 18:13:28 +1 [base] Vendor OS version:  no
[info] Device kind: Desktop
[info] Device display: 15.63" (13.66"x7.60")
[info] GameCore::OnAppStarted done
[info] EngineBackend::OnGameLoopStarted: leave
[info] Window::HandleWindowCreated: enter
[info] [RHI-DX11] Creating device
[info] [RHI-DX11] available adapters:
[info] 0 : 'AMD Radeon(TM) Vega 3 Graphics' (vendor: 0x1002, subsystem: 0x84AE103C), feature level: 0xb000 (11.0)
[info] 1 : 'Microsoft Basic Render Driver' (vendor: 0x1414, subsystem: 0x0000), feature level: 0xb000 (11.0)
[info] [RHI-DX11] Using adapter `AMD Radeon(TM) Vega 3 Graphics` (vendor: 1002, subsystem: 84AE103C)
[info] [RHI-DX11] Creating device without selected adapter
[info] [RHI-DX11] Init with feature level: 0xb000 (11.0)
[info] [RHI-DX11] Using retrieved adapter `AMD Radeon(TM) Vega 3 Graphics` (vendor: 0x1002, subsystem: 0x84AE103C)
[info] [RHI-DX11] Selected adapter has 241 Mb of video memory
[info] [RHI-DX11] OS registry version: 6.3.18363, is running on Win10: 0
[info] [RHI-DX11] Starting swapchain resize. Set nullView.
[info] [RHI-DX11] Reset targets and views
[info] [RHI-DX11] Clear context state
[info] [RHI-DX11] Flush context
[info] [RHI-DX11] Resize swapchain buffers to size {1024, 689}
[info] [RHI-DX11] hardware command buffers enabled: 0
[info] [RHI-DX11] Typeless texture formats supported: 1
[info] Rendering thread started
[info] 18:13:30 +1 [render] DeviceInfo::GetGPUModel():  AMD Radeon(TM) Vega 3 Graphics
[info] [Renderer] DeviceTier: Low
[info] [Renderer] CurrentFlow: Forward
[info] [Renderer] Is Forward with Depth Prepass Supported: YES
[info] [Renderer] Is PBP Supported: NO
[info] [Renderer] Is Shadow Mapping Supported: YES
[info] [Renderer] Max Anisotropy: 16
[info] [Renderer] Max Texture Size: 16384
[info] [Renderer] Max Vertex Attributes Count: 16
[info] [Renderer] Max Varying Vectors Count: 15
[info] [Renderer] Max MRT Count: 4;
[info] [Renderer] is32BitIndicesSupported: YES
[info] [Renderer] isVertexTextureUnitsSupported: YES
[info] [Renderer] armOpenglDepthStencilFetchSupported: NO
[info] [Renderer] armOpenglColorFetchSupported: NO
[info] [Renderer] extOpenglColorFetchSupported: NO
[info] [Renderer] metalColorFetchSupported: NO
[info] [Renderer] isUpperLeftRTOrigin: YES
[info] [Renderer] isZeroBaseClipRange: YES
[info] [Renderer] isCenterPixelMapping: NO
[info] [Renderer] isInstancingSupported: YES
[info] [Renderer] isPerfQuerySupported: YES
[info] [Renderer] isDisjointPerfQuerySupported: NO
[info] [Renderer] isComparisonSamplerSupported: YES
[info] [Renderer] isBaseInstanceSupported: YES
[info] [Renderer] isInstanceIdSupported: YES
[info] [Renderer] framebufferDiscardSupported: NO
[info] [Renderer] isD24S8FormatSupported: YES
[info] [Renderer] isMemoryLessSupported: NO
[info] [Renderer] retrieveTileDataAllowed: YES
[info] [Renderer] isAstcCompressionSupported: NO
[info] GameCore::OnWindowCreated begin
[info] Desirable resource folder: Gfx
[info] 18:13:31 +1 [graphics_options_module] Device tags: [Win32, , manufacturer-, maxFps-60, windows-low-tier]
[info] 18:13:31 +1 [graphics_options_module] Detected preset: WindowsLowTier
[info] GameCore::OnWindowCreated done
[info] Window::HandleWindowCreated: leave
[info] Window::HandleVisibilityChanged: become visible
[info] GameCore::OnForeground
[info] [RHI-DX11] ResetBlock, resizing swapchain.
[info] [RHI-DX11] Starting swapchain resize. Set nullView.
[info] [RHI-DX11] Reset targets and views
[info] [RHI-DX11] Clear context state
[info] [RHI-DX11] Flush context
[info] [RHI-DX11] Resize swapchain buffers to size {1366, 768}
[info] AppContextImpl::InitializeLocalizations device locale: pl, locale: pl, game locale: pl, sound locale: pl, 
[info] 18:13:32 +1 [http] UrlRequest::Reset 0DDE7C18
[info] 18:13:32 +1 [http] UrlRequest::Start this= 0DDE7C18 thread= 30476
[info] 18:13:32 +1 [http] UrlRequest::StartAsync 0DDE6FB8
[info] 18:13:32 +1 [http] UrlRequest::Start this= 0DDE6FB8 thread= 29816
[info] 18:13:32 +1 [render] Material group quality: Water = HIGH
[info] 18:13:32 +1 [render] Draw Water Reflection / Refraction: 0
[info] 18:13:32 +1 [render] Material group quality: Static object = LOW
[info] 18:13:32 +1 [render] Material group quality: Landscape = MEDIUM
[info] 18:13:32 +1 [render] Material group quality: Spherical Harmonics = MEDIUM
[info] 18:13:32 +1 [render] Material group quality: Decoration Objects = OFF
[info] 18:13:32 +1 [render] Material group quality: Reflections = LOW
[info] 18:13:32 +1 [render] Material group quality: Tank = MEDIUM
[info] 18:13:32 +1 [render] Material group quality: Vegetation = HIGH
[info] 18:13:32 +1 [render] Material group quality: VegetationCount = regular
[info] 18:13:34 +1 [net] Read server regions yaml.
[error] 18:13:34 +1 [base] Request to switch to current screen: ConnectingScreen
[info] 18:13:34 +1 [base] ScreensFlow::RequestToShowScreen ConnectingScreen:666 -> ConnectingScreen:666 6
[info] Timezone: Europe/Warsaw, eu
[info] 18:13:34 +1 [http] UrlRequest::StartAsync 0E2A3320
[info] 18:13:34 +1 [http] UrlRequest::Start this= 0E2A3320 thread= 30476
[error] 18:13:34 +1 [base] Request to switch to current screen: ConnectingScreen
[info] 18:13:34 +1 [base] ScreensFlow::RequestToShowScreen ConnectingScreen:666 -> ConnectingScreen:666 8
[info] 18:13:35 +1 [http] UrlRequest::StartInSeparateThread 0E2A3320 wasCancelled= 0
[info] 18:13:35 +1 [http] UrlRequest::StartInSeparateThread 0DDE6FB8 wasCancelled= 0
[error] 18:13:37 +1 [base] Request to switch to current screen: ConnectingScreen
[info] 18:13:37 +1 [base] ScreensFlow::RequestToShowScreen ConnectingScreen:666 -> ConnectingScreen:666 10
[error] 18:13:37 +1 [base] Request to switch to current screen: ConnectingScreen
[info] 18:13:37 +1 [base] ScreensFlow::RequestToShowScreen ConnectingScreen:666 -> ConnectingScreen:666 10
[warning] 18:13:44 +1 [net] Server: login0.wotblitz.eu:20016, ip: 92.223.31.132:20016, avg ping: 252.372498ms, loss: 50.0%
[warning] 18:13:44 +1 [net] ClusterHost::SelectAddress : name = EU_C0, totalErrors = 0, positionInQueue = 0 - pingResult->address = 92.223.31.132:20016 push_back
[warning] 18:13:44 +1 [net] ClusterHost::SelectAddress : name = EU_C1, totalErrors = 0, positionInQueue = 0 - pingResult->address = 92.223.31.138:20016 push_back
[warning] 18:13:48 +1 [BW] W LoginHandler::onRequestFailed: Request to LoginApp 92.223.31.132:20016, attempt #2 failed: "Cancelled request to LoginApp 92.223.31.132:20016" (REASON_SHUTTING_DOWN)
[warning] 18:13:48 +1 [BW] W LoginHandler::onRequestFailed: Request to LoginApp 92.223.31.132:20016, attempt #3 failed: "Cancelled request to LoginApp 92.223.31.132:20016" (REASON_SHUTTING_DOWN)
[warning] 18:13:48 +1 [BW] W LoginHandler::onRequestFailed: Request to LoginApp 92.223.31.132:20016, attempt #4 failed: "Cancelled request to LoginApp 92.223.31.132:20016" (REASON_SHUTTING_DOWN)
[warning] 18:13:48 +1 [BW] W RequestManager::handleMessage( 92.223.31.132:20016 ): Couldn't find handler for reply id 0x00013afd (maybe it timed out?)
[warning] 18:13:48 +1 [BW] W RequestManager::handleMessage( 92.223.31.132:20016 ): Couldn't find handler for reply id 0x00013afe (maybe it timed out?)
[warning] 18:13:48 +1 [BW] W RequestManager::handleMessage( 92.223.31.132:20016 ): Couldn't find handler for reply id 0x00013aff (maybe it timed out?)
[warning] 18:13:49 +1 [BW] W ServerConnection::send(0): Time since last send to server: 21469ms
[info] 18:13:49 +1 [net] ConnectionManager::onLoggedOn message: {"dbid":576287409,"externals":["email"],"name":"SawicaKica","security_msg":"no_phone","state":150077473,"token2":"576287409:6597596119658799652:68090188124434100495019243172846022394"}
[info] 18:13:49 +1 [http] UrlRequest::StartAsync 0E2A3CE0
[info] 18:13:49 +1 [http] UrlRequest::StartAsync 0E2A4100
[info] 18:13:49 +1 [http] UrlRequest::Start this= 0E2A3CE0 thread= 20524
[info] 18:13:49 +1 [http] UrlRequest::Start this= 0E2A4100 thread= 29816
[info] 18:13:49 +1 [http] UrlRequest::Reset 0E2A4280
[info] 18:13:49 +1 [http] UrlRequest::Start this= 0E2A4280 thread= 8168
[info] 18:13:52 +1 [http] UrlRequest::StartInSeparateThread 0E2A4100 wasCancelled= 0
[info] 18:13:52 +1 [http] UrlRequest::StartInSeparateThread 0E2A3CE0 wasCancelled= 0
[error] 18:13:52 +1 [http] Curl error: Timeout was reached this= 0E2A4280
[info] 18:13:52 +1 [http] UrlRequest::Reset 0E2A4280
[info] 18:13:52 +1 [http] UrlRequest::Start this= 0E2A4280 thread= 8168
[error] 18:13:55 +1 [http] Curl error: Timeout was reached this= 0E2A4280
[info] 18:13:55 +1 [http] UrlRequest::Reset 0E2A4280
[info] 18:13:55 +1 [http] UrlRequest::Start this= 0E2A4280 thread= 8168
[error] 18:13:58 +1 [http] Curl error: Timeout was reached this= 0E2A4280
[warning] 18:13:59 +1 [assert,base] ============ ASSERT ===========
request->IsLastResultSuccessful() && request->GetHttpStatus() == Web::eHttpStatus::NOT_MODIFIED
Failed to load localization from https://stufficons.wotblitz.com/localizations/pl.yaml with HTTP result 200
File: D:\ba\tc\work\r\client\Classes\Utils\LocalizationHelper.cpp
Line : 518
    # 0: [0122649F] wotblitz.exe!AK::WriteBytesMem::SetCount
    # 1: [013D4EFC] wotblitz.exe!AK::WriteBytesMem::SetCount
    # 2: [00A530C3] wotblitz.exe!AK::ReadBytesSkip::Count
    # 3: [011855FE] wotblitz.exe!AK::WriteBytesMem::SetCount
    # 4: [01184C14] wotblitz.exe!AK::WriteBytesMem::SetCount
    # 5: [00B9CC7E] wotblitz.exe!AK::WriteBytesCount::SetCount
    # 6: [00B9CDAF] wotblitz.exe!AK::WriteBytesCount::SetCount
    # 7: [011759DB] wotblitz.exe!AK::WriteBytesMem::SetCount
    # 8: [013549FC] wotblitz.exe!AK::WriteBytesMem::SetCount
    # 9: [0274E5E2] wotblitz.exe!AK::GetWwiseXAudio2Interface
    #10: [02737F8F] wotblitz.exe!AK::GetWwiseXAudio2Interface
    #11: [0273A6E6] wotblitz.exe!AK::GetWwiseXAudio2Interface
    #12: [0168CF19] wotblitz.exe!AK::WriteBytesCount::Clear
    #13: [013545B5] wotblitz.exe!AK::WriteBytesMem::SetCount
    #14: [011981F4] wotblitz.exe!AK::WriteBytesMem::SetCount
    #15: [0097C1A4] 
    #16: [0098313C] 
    #17: [00B33DFF] wotblitz.exe!AK::ReadBytesSkip::Count
    #18: [00B34ADA] wotblitz.exe!AK::ReadBytesSkip::Count
    #19: [00B11516] wotblitz.exe!AK::ReadBytesSkip::Count
    #20: [00B107DF] wotblitz.exe!AK::ReadBytesSkip::Count
    #21: [00CC6EB9] wotblitz.exe!AK::WriteBytesCount::SetCount
    #22: [00B1104F] wotblitz.exe!AK::ReadBytesSkip::Count
    #23: [00976DAE] 
    #24: [027C5C25] wotblitz.exe!AK::GetWwiseXAudio2Interface
    #25: [025171AD] wotblitz.exe!AK::WriteBytesMem::Clear
    #26: [75496359] wotblitz.exe!BaseThreadInitThunk
    #27: [77B18964] wotblitz.exe!RtlGetAppContainerNamedObjectPath
    #28: [77B18934] wotblitz.exe!RtlGetAppContainerNamedObjectPath
============ ASSERT_END ========
[warning] 18:13:59 +1 [base] Non string value returned by key storage/Items/AMX30BChestChina/Currency/Title
[warning] 18:13:59 +1 [base] Non string value returned by key storage/Items/bth2020_item_8_legendary/Description
[warning] 18:13:59 +1 [base] Non string value returned by key storage/Items/Chest_HALLOWEEN2019_Helsing_China/Currency/Obtainment
[warning] 18:13:59 +1 [base] Non string value returned by key storage/Items/BlackFriday2019ChestChina/Level5/Features
[warning] 18:13:59 +1 [base] Non string value returned by key storage/Items/BlackFriday2019ChestChina/Level2/Description
[warning] 18:13:59 +1 [base] Non string value returned by key storage/Items/avatar_gold_league_rare_61d/Obtainment
[warning] 18:13:59 +1 [base] Non string value returned by key storage/Items/clan_task_journal_chest_epict/Description
[warning] 18:13:59 +1 [base] Non string value returned by key storage/Items/AMX30BChestChina/Currency/Features
[warning] 18:13:59 +1 [base] Non string value returned by key avatars/Items/avatar_cyberpunk2077_legendary/Title
[warning] 18:13:59 +1 [base] Non string value returned by key storage/Items/Chest_HALLOWEEN2019_Helsing_China/Currency/Title
[warning] 18:13:59 +1 [base] Non string value returned by key storage/Items/AttachmentCertificate/Feature
[warning] 18:13:59 +1 [base] Non string value returned by key newunexinewunexistedkeystedkey
[warning] 18:13:59 +1 [base] Non string value returned by key storage/Items/bth2020_item_7_legendary/Title
[warning] 18:13:59 +1 [base] Non string value returned by key storage/Items/avatar_blitzstaff_legendary/Title
[warning] 18:13:59 +1 [base] Non string value returned by key storage/Items/GoldenChinaChest/Certificate/Obtainment
[warning] 18:13:59 +1 [base] Non string value returned by key vatars/Items/Seniority3years/Description
[warning] 18:13:59 +1 [base] Non string value returned by key storage/Items/GoldenChinaChest/Currency/Obtainment
[warning] 18:13:59 +1 [base] Non string value returned by key storage/Items/BlackFriday2020Chest/Level5/Features
[warning] 18:13:59 +1 [base] Non string value returned by key storage/Items/BlackFriday2019ChestChina/Level8/Description
[warning] 18:13:59 +1 [base] Non string value returned by key storage/Items/keychest_Scorpoin_G_rare/Title
[warning] 18:13:59 +1 [base] Non string value returned by key storage/Items/BadgerChestChina/Currency/Obtainment
[warning] 18:13:59 +1 [base] Non string value returned by key storage/Items/bth2020_item_3_legendary/Description
[warning] 18:13:59 +1 [base] Non string value returned by key storage/Items/ChinaHalloweenChest/Description
[warning] 18:13:59 +1 [base] Non string value returned by key storage/Items/BlackFriday2019ChestChina/Level1/Features
[warning] 18:13:59 +1 [base] Non string value returned by key storage/Items/prx_china2years/Proxy/Obtainment
[warning] 18:13:59 +1 [base] Non string value returned by key newunexistenewunexistedkeydkey
[warning] 18:13:59 +1 [base] Non string value returned by key storage/Items/GoldenChinaChest/Description
[warning] 18:13:59 +1 [base] Non string value returned by key storage/Items/prx_china2years/Proxy/Title
[warning] 18:13:59 +1 [base] Non string value returned by key storage/Items/prx_china2years/Proxy/Description
[warning] 18:13:59 +1 [base] Non string value returned by key storage/Items/halloween2020/token_helloween20_helsing/Title
[warning] 18:13:59 +1 [base] Non string value returned by key storage/Items/BlackFriday2019ChestChina/Level7/Description
[warning] 18:13:59 +1 [base] Non string value returned by key storage/Items/ChinaHalloweenChest/Features
[warning] 18:13:59 +1 [base] Non string value returned by key storage/Items/BlackFriday2019ChestChina/Level4/Features
[warning] 18:13:59 +1 [base] Non string value returned by key storage/Items/BlackFriday2020Chest/Level7/Features
[warning] 18:13:59 +1 [base] Non string value returned by key storage/Items/chest_camo_cyberpunk2077/Title
[warning] 18:13:59 +1 [base] Non string value returned by key storage/Items/bth2020_item_10_legendary/Title
[warning] 18:13:59 +1 [base] Non string value returned by key storage/Items/GoldenChinaChest/Currency/Description
[warning] 18:13:59 +1 [base] Non string value returned by key storage/Items/BlackFriday2019ChestChina/Level6/Description
[warning] 18:13:59 +1 [base] Non string value returned by key storage/Items/avatar_platinum_league_unique_61d/Description
[warning] 18:13:59 +1 [base] Non string value returned by key storage/Items/AMX30BChestChina/Currency/Description
[warning] 18:13:59 +1 [base] Non string value returned by key storage/Items/bth2020_item_4_legendary/Title
[warning] 18:13:59 +1 [base] Non string value returned by key storage/Items/bth2020_item_4_legendary/Description
[warning] 18:13:59 +1 [base] Non string value returned by key storage/Items/GoldenChinaChest/Certificate/Title
[warning] 18:13:59 +1 [base] Non string value returned by key storage/Items/BlackFriday2019ChestChina/Level5/Description
[warning] 18:13:59 +1 [base] Non string value returned by key storage/Items/BlackFriday2019ChestChina/Currency/Features
[warning] 18:13:59 +1 [base] Non string value returned by key storage/Items/Chest_HALLOWEEN2019_Dracula_China/Currency/Features
[warning] 18:13:59 +1 [base] Non string value returned by key storage/Items/GoldenChinaChest/Currency/Title
[warning] 18:13:59 +1 [base] Non string value returned by key storage/Items/BlackFriday2020Chest/Level2/Features
[warning] 18:13:59 +1 [base] Non string value returned by key storage/Items/avatar_gold_league_rare_61d/Description
[warning] 18:13:59 +1 [base] Non string value returned by key storage/Items/T95E6ChestChina/Currency/Obtainment
[warning] 18:13:59 +1 [base] Non string value returned by key storage/Items/Chest_HALLOWEEN2019_Dracula_China/Currency/Description
[warning] 18:13:59 +1 [base] Non string value returned by key storage/Items/halloween2020/token_helloween20_dracula/Description
[warning] 18:13:59 +1 [base] Non string value returned by key storage/Items/ProgressChestChina/Features
[warning] 18:13:59 +1 [base] Non string value returned by key storage/Items/avatar_diamond_league_legendary_61d/Description
[warning] 18:13:59 +1 [base] Non string value returned by key storage/Items/GoldenChinaChest/Certificate/Description
[warning] 18:13:59 +1 [base] Non string value returned by key storage/Items/Chest_HALLOWEEN2019_Helsing_China/Features
[warning] 18:13:59 +1 [base] Non string value returned by key storage/Items/BlackFriday2019ChestChina/Currency/Description
[warning] 18:13:59 +1 [base] Non string value returned by key storage/Items/Chest_HALLOWEEN2019_Dracula_China/Currency/Obtainment
[warning] 18:13:59 +1 [base] Non string value returned by key storage/Items/GoldenChinaChest/Title
[warning] 18:13:59 +1 [base] Non string value returned by key storage/Items/Chest_HALLOWEEN2019_Helsing_China/Currency/Description
[warning] 18:13:59 +1 [base] Non string value returned by key storage/Items/BlackFriday2020Chest/Level4/Features
[warning] 18:13:59 +1 [base] Non string value returned by key storage/Items/WZ1115AChestChina/Currency/Obtainment
[warning] 18:13:59 +1 [base] Non string value returned by key storage/Items/ChimeraChestChina/Currency/Obtainment
[warning] 18:13:59 +1 [base] Non string value returned by key storage/Items/GoldenChinaChest/Features
[warning] 18:13:59 +1 [base] Non string value returned by key storage/Items/GoldenChinaChest/Currency/Features
[warning] 18:13:59 +1 [base] Non string value returned by key storage/Items/BlackFriday2019ChestChina/Level1/Description
[warning] 18:13:59 +1 [base] Non string value returned by key storage/Items/BlackFriday2019ChestChina/Level10/Description
[warning] 18:13:59 +1 [base] Non string value returned by key storage/Items/BlackFriday2019ChestChina/Level2/Features
[warning] 18:13:59 +1 [base] Non string value returned by key storage/Items/BlackFriday2019ChestChina/Level3/Description
[warning] 18:13:59 +1 [base] Non string value returned by key storage/Items/BlackFriday2019ChestChina/Level3/Features
[warning] 18:13:59 +1 [base] Non string value returned by key storage/Items/BlackFriday2019ChestChina/Level4/Description
[warning] 18:13:59 +1 [base] Non string value returned by key storage/Items/BlackFriday2019ChestChina/Level6/Features
[warning] 18:13:59 +1 [base] Non string value returned by key storage/Items/BlackFriday2019ChestChina/Level7/Features
[warning] 18:13:59 +1 [base] Non string value returned by key storage/Items/BlackFriday2019ChestChina/Level8/Features
[warning] 18:13:59 +1 [base] Non string value returned by key storage/Items/BlackFriday2019ChestChina/Level9/Description
[warning] 18:13:59 +1 [base] Non string value returned by key storage/Items/WZ112ChestChina/Currency/Description
[warning] 18:13:59 +1 [base] Non string value returned by key storage/Items/BlackFriday2019ChestChina/Level9/Features
[warning] 18:13:59 +1 [base] Non string value returned by key storage/Items/AMX30BChestChina/Currency/Obtainment
[warning] 18:13:59 +1 [base] Non string value returned by key storage/Items/bth2020_event/booster_bth2020_unique/Features
[warning] 18:13:59 +1 [base] Non string value returned by key storage/Items/T95E6ChestChina/Currency/Description
[warning] 18:13:59 +1 [base] Non string value returned by key storage/Items/T95E6ChestChina/Currency/Features
[warning] 18:13:59 +1 [base] Non string value returned by key storage/Items/T95E6ChestChina/Currency/Title
[warning] 18:13:59 +1 [base] Non string value returned by key storage/Items/BadgerChestChina/Currency/Description
[warning] 18:13:59 +1 [base] Non string value returned by key storage/Items/BadgerChestChina/Currency/Features
[warning] 18:13:59 +1 [base] Non string value returned by key storage/Items/BadgerChestChina/Currency/Title
[warning] 18:13:59 +1 [base] Non string value returned by key storage/Items/WZ112ChestChina/Currency/Features
[warning] 18:13:59 +1 [base] Non string value returned by key storage/Items/WZ112ChestChina/Currency/Obtainment
[warning] 18:13:59 +1 [base] Non string value returned by key storage/Items/newcomers7x7_item/Title
[warning] 18:13:59 +1 [base] Non string value returned by key storage/Items/WZ112ChestChina/Currency/Title
[warning] 18:13:59 +1 [base] Non string value returned by key storage/Items/Chest_HALLOWEEN2019_Dracula_China/Currency/Title
[warning] 18:13:59 +1 [base] Non string value returned by key storage/Items/Chest_HALLOWEEN2019_Dracula_China/Description
[warning] 18:13:59 +1 [base] Non string value returned by key storage/Items/Chest_HALLOWEEN2019_Dracula_China/Features
[warning] 18:13:59 +1 [base] Non string value returned by key storage/Items/Chest_HALLOWEEN2019_Dracula_China/Title
[warning] 18:13:59 +1 [base] Non string value returned by key storage/Items/Chest_HALLOWEEN2019_Helsing_China/Currency/Features
[warning] 18:13:59 +1 [base] Non string value returned by key storage/Items/Chest_HALLOWEEN2019_Helsing_China/Description
[warning] 18:13:59 +1 [base] Non string value returned by key storage/Items/Chest_HALLOWEEN2019_Helsing_China/Title
[warning] 18:13:59 +1 [base] Non string value returned by key storage/Items/china_halloween2019_event/Token/Title
[warning] 18:13:59 +1 [base] Non string value returned by key storage/Items/china_halloween2019_event/Token/Description
[warning] 18:13:59 +1 [base] Non string value returned by key storage/Items/china_halloween2019_event/Token/Obtainment
[warning] 18:13:59 +1 [base] Non string value returned by key storage/Items/BlackFriday2019ChestChina/Currency/Title
[warning] 18:13:59 +1 [base] Non string value returned by key storage/Items/avatar_3years_legendary/Obtainment
[warning] 18:13:59 +1 [base] Non string value returned by key storage/Items/ChimeraChestChina/Currency/Description
[warning] 18:13:59 +1 [base] Non string value returned by key storage/Items/ChimeraChestChina/Currency/Features
[warning] 18:13:59 +1 [base] Non string value returned by key storage/Items/ChimeraChestChina/Currency/Title
[warning] 18:13:59 +1 [base] Non string value returned by key storage/Items/ChimeraChestChina/Features
[warning] 18:13:59 +1 [base] Non string value returned by key storage/Items/prx_china_special_charm/Proxy/Description
[warning] 18:13:59 +1 [base] Non string value returned by key storage/Items/prx_china_special_charm/Proxy/Obtainment
[warning] 18:13:59 +1 [base] Non string value returned by key storage/Items/prx_china_special_charm/Proxy/Title
[warning] 18:13:59 +1 [base] Non string value returned by key avatars/Items/china2years/Obtainment
[warning] 18:13:59 +1 [base] Non string value returned by key avatars/Items/china2years/Title
[warning] 18:13:59 +1 [base] Non string value returned by key storage/Items/WZ1115AChestChina/Currency/Description
[warning] 18:13:59 +1 [base] Non string value returned by key storage/Items/WZ1115AChestChina/Currency/Features
[warning] 18:13:59 +1 [base] Non string value returned by key storage/Items/WZ1115AChestChina/Currency/Title
[warning] 18:13:59 +1 [base] Non string value returned by key storage/Items/avatar_5years_legendary/Obtainment
[warning] 18:13:59 +1 [base] Non string value returned by key storage/Items/avatar_6years_legendary/Obtainment
[warning] 18:13:59 +1 [base] Non string value returned by key storage/Items/halloween2020/token_helloween20_dracula/Title
[warning] 18:13:59 +1 [base] Non string value returned by key storage/Items/avatar_gold_league_rare_61d/Title
[warning] 18:13:59 +1 [base] Non string value returned by key storage/Items/avatar_platinum_league_unique_61d/Obtainment
[warning] 18:13:59 +1 [base] Non string value returned by key storage/Items/avatar_platinum_league_unique_61d/Title
[warning] 18:13:59 +1 [base] Non string value returned by key storage/Items/avatar_diamond_league_legendary_61d/Obtainment
[warning] 18:13:59 +1 [base] Non string value returned by key storage/Items/avatar_diamond_league_legendary_61d/Title
[warning] 18:13:59 +1 [base] Non string value returned by key storage/Items/keychest_Scorpoin_G_rare/Description
[warning] 18:13:59 +1 [base] Non string value returned by key storage/Items/keychest_Scorpoin_G_rare/Obtainment
[warning] 18:13:59 +1 [base] Non string value returned by key newunewunexistedkeynexistedkey
[warning] 18:13:59 +1 [base] Non string value returned by key storage/Items/bth2020_item_6_legendary/Title
[warning] 18:13:59 +1 [base] Non string value returned by key storage/Items/halloween2020/token_helloween20_helsing/Description
[warning] 18:13:59 +1 [base] Non string value returned by key storage/Items/CustomBG/Title
[warning] 18:13:59 +1 [base] Non string value returned by key storage/Items/chest_FV_217_Badger_china/Obtainment
[warning] 18:13:59 +1 [base] Non string value returned by key storage/Items/avatar_blitzstaff_legendary/Obtainment
[warning] 18:13:59 +1 [base] Non string value returned by key descriptionString
[warning] 18:13:59 +1 [base] Non string value returned by key storage/Items/avatar_1year_legendary/Obtainment
[warning] 18:13:59 +1 [base] Non string value returned by key storage/Items/avatar_2years_legendary/Obtainment
[warning] 18:13:59 +1 [base] Non string value returned by key zdes_padaet_proxy
[warning] 18:13:59 +1 [base] Non string value returned by key storage/Items/avatar_4years_legendary/Obtainment
[warning] 18:13:59 +1 [base] Non string value returned by key storage/Items/Chest_Caernarvon_AX_China/Obtainment
[warning] 18:13:59 +1 [base] Non string value returned by key storage/Items/Chest_Chi_Nu_Kai_China/Obtainment
[warning] 18:13:59 +1 [base] Non string value returned by key storage/Items/bth2020_item_6_legendary/Description
[warning] 18:13:59 +1 [base] Non string value returned by key storage/Items/bth2020_item_10_legendary/Description
[warning] 18:13:59 +1 [base] Non string value returned by key storage/Items/bth2020_item_3_legendary/Title
[warning] 18:13:59 +1 [base] Non string value returned by key storage/Items/bth2020_item_5_legendary/Description
[warning] 18:13:59 +1 [base] Non string value returned by key storage/Items/bth2020_item_5_legendary/Title
[warning] 18:13:59 +1 [base] Non string value returned by key storage/Items/bth2020_item_7_legendary/Description
[warning] 18:13:59 +1 [base] Non string value returned by key storage/Items/bth2020_item_8_legendary/Title
[warning] 18:13:59 +1 [base] Non string value returned by key storage/Items/bth2020_item_9_legendary/Description
[warning] 18:13:59 +1 [base] Non string value returned by key storage/Items/bth2020_item_9_legendary/Title
[warning] 18:13:59 +1 [base] Non string value returned by key storage/Items/bth2020_chest/Obtainment
[warning] 18:13:59 +1 [base] Non string value returned by key storage/Items/prx_china-summer2020/prx_china-summer2020Proxy/Title
[warning] 18:13:59 +1 [base] Non string value returned by key newunexistedkey
[warning] 18:13:59 +1 [base] Non string value returned by key newunexistedknewunexistedkeyey
[warning] 18:13:59 +1 [base] Non string value returned by key newunexistednewunexistedkeykey
[warning] 18:13:59 +1 [base] Non string value returned by key ob_test_stuff_mass_6
[warning] 18:13:59 +1 [base] Non string value returned by key storage/Items/T25_Pilot_WPP/Description
[warning] 18:13:59 +1 [base] Non string value returned by key storage/Items/T25_Pilot_WPP/Obtainment
[warning] 18:13:59 +1 [base] Non string value returned by key storage/Items/T25_Pilot_WPP/Title
[warning] 18:13:59 +1 [base] Non string value returned by key storage/Items/halloween2020/token_helloween20_werewolf/Description
[warning] 18:13:59 +1 [base] Non string value returned by key storage/Items/halloween2020/token_helloween20_werewolf/Title
[warning] 18:13:59 +1 [base] Non string value returned by key newunnewunexistedkeyexistedkey
[warning] 18:13:59 +1 [base] Non string value returned by key storage/Items/BlackFriday2020Chest/Level1/Features
[warning] 18:13:59 +1 [base] Non string value returned by key storage/Items/BlackFriday2020Chest/Level6/Features
[warning] 18:13:59 +1 [base] Non string value returned by key storage/Items/BlackFriday2020Chest/Level8/Features
[warning] 18:13:59 +1 [base] Non string value returned by key storage/Items/BlackFriday2020Chest/Level9/Features
[warning] 18:13:59 +1 [base] Non string value returned by key storage/Items/prx_newcomers2020/Title
[warning] 18:13:59 +1 [base] Non string value returned by key avatars/Items/avatar_cyberpunk2077_legendary/Description
[warning] 18:13:59 +1 [base] Non string value returned by key storage/Items/chest_camo_cyberpunk2077/Description
[warning] 18:13:59 +1 [base] Non string value returned by key storage/Items/chest_camo_cyberpunk2077/Feature
[warning] 18:13:59 +1 [base] Non string value returned by key storage/Items/prx_newcomers7x7/Title
[warning] 18:13:59 +1 [base] Non string value returned by key avatars/Items/avatar_progressive_rank_1Title
[warning] 18:13:59 +1 [base] Non string value returned by key storage/Items/resource_removing_item_common/Features
[warning] 18:13:59 +1 [base] Non string value returned by key storage/Items/resource_removing_item_common/Description
[warning] 18:13:59 +1 [base] Non string value returned by key storage/Items/resource_removing_item_common/Obtainment
[warning] 18:13:59 +1 [base] Non string value returned by key storage/Items/resource_removing_item_common/Title
[warning] 18:13:59 +1 [base] Non string value returned by key avatars/Items/avatar_progressive_rank_1/Title
[info] 18:13:59 +1 [base] Dynamic localizations setup completed.
[info] 18:13:59 +1 [base] Dynamic localizations loaded from local file:  C:/Users/sawic/Documents/DAVAProject/cache/localizations/pl.yaml
[warning] 18:13:59 +1 [BW] W ServerConnection::processInput(0): There were 9602 ms between packets
[warning] 18:14:03 +1 [BW] W ServerConnection::processInput(0): There were 3657 ms between packets
[error] [ValUtils::ReadArrayFromFile] File "C:/Users/sawic/Documents/DAVAProject/cache/survey_Europe_576287409L.dat" not exists.
[info] 18:14:03 +1 [base] TestSystem: Server does not confirm group, but test disabled. Clear cached data.
[info] 18:14:03 +1 [base] TestSystem: Could not clean test cached data. Maybe files does not exists?
[info] 18:14:03 +1 [BW] BlitzServerMessageHandler::onEntitiesReset - 0
[info] AccountGameLogic::onBecomePlayer() 7352762 610
[info] 18:14:03 +1 [prebattle] PrebattleRequester::SetClientPrebattle
[info] 18:14:03 +1 [prebattle] AddEvent ClientPrebattle::EVENT_SQUAD_FORMED
[info] 18:14:03 +1 [prebattle] PrebattleRequester::SetRequestsProvider 00000000
[error] 18:14:03 +1 [base] Request to switch to current screen: ConnectingScreen
[info] 18:14:03 +1 [base] ScreensFlow::RequestToShowScreen ConnectingScreen:666 -> ConnectingScreen:666 610
[error] 18:14:03 +1 [base] Request to switch to current screen: ConnectingScreen
[info] 18:14:03 +1 [base] ScreensFlow::RequestToShowScreen ConnectingScreen:666 -> ConnectingScreen:666 614
[info] 18:14:03 +1 [base] Shop state is not synchronized 2
[error] 18:14:05 +1 [shop] No prices fetched, clearing! steam
[info] 18:14:08 +1 [base] ScreensFlow::RequestToShowScreen ConnectingScreen:666 -> GarageScreen:42 906
[info] 18:14:08 +1 [base] Shop state is not synchronized 0
[info] 18:14:08 +1 [base] Shop state is not synchronized 0
[warning] 18:14:08 +1 [ads] Player id is not configured!
[warning] 18:14:08 +1 [ads] IronSource application key is not configured!
[error] [ValUtils::ReadArrayFromFile] File "C:/Users/sawic/Documents/DAVAProject/cache/tank_birthday_Europe_576287409L.dat" not exists.
[info] GarageScreen::LoadResources begin
[info] 18:14:09 +1 [render] Material group quality: Water = HIGH
[info] 18:14:09 +1 [render] Draw Water Reflection / Refraction: 0
[info] 18:14:09 +1 [render] Material group quality: Static object = LOW
[info] 18:14:09 +1 [render] Material group quality: Landscape = MEDIUM
[info] 18:14:09 +1 [render] Material group quality: Spherical Harmonics = MEDIUM
[info] 18:14:09 +1 [render] Material group quality: Decoration Objects = OFF
[info] 18:14:09 +1 [render] Material group quality: Reflections = LOW
[info] 18:14:09 +1 [render] Material group quality: Tank = MEDIUM
[info] 18:14:09 +1 [render] Material group quality: Vegetation = HIGH
[info] 18:14:09 +1 [render] Material group quality: VegetationCount = regular
[info] 18:14:09 +1 [base] Controller activated: HangarLoadingController
[info] 18:14:09 +1 [base] Shop state is not synchronized 2
[warning] Quality not defined for template: C:/Program Files (x86)/Steam/steamapps/common/World of Tanks Blitz/Data/Materials/BlinnPhongAllQualities.material, using default QualityDependentUniqueDefines.
[info] 18:14:12 +1 [chat] XChatInstance::onClientCreated
[warning] WGXmppClientPrivate::onConnect
[info] 18:14:13 +1 [chat] XChatInstance::onConnect()
[info] 18:14:14 +1 [chat] block list size 0
[error] [YamlParser::Parse] Can't Open file Stories/bp_season_08/settings.yaml for read
[warning] 18:14:49 +1 [story] could not create parser:  ~res:/Stories/bp_season_08/settings.yaml
[info] 18:14:49 +1 [base] Shop state is not synchronized 2
[info] 18:14:51 +1 [base] Controller deactivated: HangarLoadingController
[info] 18:14:51 +1 [base] Controller activated: WelcomeController
[info] 18:14:55 +1 [ui] UIDataParams redirect event:  ON_CLICK_BUTTON , control:  CloseButton  -> event:  CLOSE_EVENT_FROM_BUTTON , control: CloseButtonWrapper
[info] 18:14:55 +1 [base] Controller deactivated: WelcomeController
[info] 18:14:55 +1 [base] Controller activated: HangarController
[info] 18:14:55 +1 [prebattle] SquadController::Activate
[warning] 18:15:01 +1 [BW] W ServerConnection::processInput(7352762): There were 5824 ms between packets
[info] 18:15:01 +1 [ui] UIDataParams redirect event:  FILTER_ANIMATION_FINISHED , control:  TanksPanel  -> event:  FILTER_ANIMATION_FINISHED , control: TanksPanelHolder
[info] 18:15:01 +1 [ui] UIDataParams redirect event:  INIT_STARTED_INDEX , control:  TankCell:european:It13_Progetto_M35_mod_46  -> event:  INIT_STARTED_INDEX , control: PlayerTanks
[info] 18:15:33 +1 [ui] UIDataParams redirect event:  SHOP_BUTTON , control:  ShopButton  -> event:  SHOP_BUTTON , control: BaseHeader
[info] 18:15:33 +1 [ui] UIDataParams redirect event:  SHOP_BUTTON , control:  BaseHeader  -> event:  SHOP_BUTTON , control: HangarHeader
[info] 18:15:33 +1 [ui] UIDataParams redirect event:  SHOP_BUTTON , control:  HangarHeader  -> event:  SHOP_BUTTON , control: Header
[info] 18:15:33 +1 [prebattle] SquadController::Deactivate
[info] 18:15:33 +1 [prebattle] SquadController::HideDialogAndUnsubscribeFromLogic
[info] 18:15:33 +1 [base] Controller deactivated: HangarController
[info] 18:15:33 +1 [base] Controller activated: ShopController
[info] 18:15:33 +1 [tutorial] Lesson destroyed: chatLesson
[info] 18:15:34 +1 [base] Controller activated: OffersTabController
[info] 18:15:38 +1 [ui] UIDataParams redirect event:  ON_SELECT_TAB , control:  TextTabsBar  -> event:  ON_SELECT_TAB , control: Tabs
[info] 18:15:38 +1 [base] Controller deactivated: OffersTabController
[info] 18:15:39 +1 [base] Controller activated: DailyChestsController
[info] 18:15:41 +1 [base] Controller deactivated: DailyChestsController
[info] 18:15:41 +1 [base] Controller deactivated: ShopController
[info] 18:15:41 +1 [base] Controller activated: ChestUsageController
[error] 18:15:41 +1 [ui] Style sheet can not find component UITextComponent in control BodyBold
[error] 18:15:41 +1 [ui] Style sheet can not find component UITextComponent in control BodyBold
[error] 18:15:41 +1 [ui] Style sheet can not find component UITextComponent in control BodyBold
[error] 18:15:41 +1 [ui] Style sheet can not find component UITextComponent in control BodyBold
[error] 18:15:41 +1 [ui] Style sheet can not find component UITextComponent in control BodyBold
[error] 18:15:41 +1 [ui] Style sheet can not find component UITextComponent in control BodyBold
[error] 18:15:41 +1 [ui] Style sheet can not find component UITextComponent in control BodyBold
[error] 18:15:41 +1 [ui] Style sheet can not find component UITextComponent in control BodyBold
[info] 18:15:41 +1 [ui] UIDataParams redirect event:  CLOSE_NOTIFICATION , control:  FullscreenPopupWithContentSlot  -> event:  ON_CLOSE , control: UI2DView
[info] 18:15:43 +1 [ui] UIDataParams redirect event:  ON_CLICK_BUTTON , control:  Button  -> event:  CLAIM_REWARDS , control: ClaimButtonHolder
[info] 18:15:43 +1 [ui] UIDataParams redirect event:  CLAIM_REWARDS , control:  ChestUsageContent  -> event:  ON_CLOSE , control: ChestUsage
[info] 18:15:43 +1 [base] Controller deactivated: ChestUsageController
[info] 18:15:43 +1 [base] Controller activated: ShopController
[info] 18:15:43 +1 [base] Controller activated: DailyChestsController
[info] 18:15:44 +1 [base] Controller deactivated: DailyChestsController
[info] 18:15:44 +1 [base] Controller deactivated: ShopController
[info] 18:15:44 +1 [base] Controller activated: ChestUsageController
[error] 18:15:44 +1 [ui] Style sheet can not find component UITextComponent in control BodyBold
[error] 18:15:44 +1 [ui] Style sheet can not find component UITextComponent in control BodyBold
[error] 18:15:44 +1 [ui] Style sheet can not find component UITextComponent in control BodyBold
[error] 18:15:44 +1 [ui] Style sheet can not find component UITextComponent in control BodyBold
[error] 18:15:44 +1 [ui] Style sheet can not find component UITextComponent in control BodyBold
[error] 18:15:44 +1 [ui] Style sheet can not find component UITextComponent in control BodyBold
[error] 18:15:44 +1 [ui] Style sheet can not find component UITextComponent in control BodyBold
[error] 18:15:44 +1 [ui] Style sheet can not find component UITextComponent in control BodyBold
[info] 18:15:44 +1 [ui] UIDataParams redirect event:  CLOSE_NOTIFICATION , control:  FullscreenPopupWithContentSlot  -> event:  ON_CLOSE , control: UI2DView
[info] 18:15:45 +1 [ui] UIDataParams redirect event:  CLOSE_NOTIFICATION , control:  FullscreenPopupWithContentSlot  -> event:  ON_CLOSE , control: UI2DView
[info] 18:15:45 +1 [base] Controller deactivated: ChestUsageController
[info] 18:15:45 +1 [base] Controller activated: ShopController
[info] 18:15:45 +1 [base] Controller activated: DailyChestsController
[info] 18:15:46 +1 [base] Controller deactivated: DailyChestsController
[info] 18:15:46 +1 [base] Controller deactivated: ShopController
[info] 18:15:46 +1 [base] Controller activated: ChestUsageController
[warning] 18:15:46 +1 [engine] Failed to create sprite: Gfx/UI/StorageItemIcons/.txt
[error] 18:15:46 +1 [ui] Style sheet can not find component UITextComponent in control BodyBold
[error] 18:15:46 +1 [ui] Style sheet can not find component UITextComponent in control BodyBold
[error] 18:15:46 +1 [ui] Style sheet can not find component UITextComponent in control BodyBold
[error] 18:15:46 +1 [ui] Style sheet can not find component UITextComponent in control BodyBold
[error] 18:15:46 +1 [ui] Style sheet can not find component UITextComponent in control BodyBold
[error] 18:15:46 +1 [ui] Style sheet can not find component UITextComponent in control BodyBold
[error] 18:15:46 +1 [ui] Style sheet can not find component UITextComponent in control BodyBold
[error] 18:15:46 +1 [ui] Style sheet can not find component UITextComponent in control BodyBold
[info] 18:15:46 +1 [ui] UIDataParams redirect event:  CLOSE_NOTIFICATION , control:  FullscreenPopupWithContentSlot  -> event:  ON_CLOSE , control: UI2DView
[info] 18:15:47 +1 [ui] UIDataParams redirect event:  CLOSE_NOTIFICATION , control:  FullscreenPopupWithContentSlot  -> event:  ON_CLOSE , control: UI2DView
[info] 18:15:47 +1 [base] Controller deactivated: ChestUsageController
[info] 18:15:47 +1 [base] Controller activated: ShopController
[info] 18:15:47 +1 [base] Controller activated: DailyChestsController
[info] 18:15:47 +1 [ui] UIDataParams redirect event:  ON_SELECT_TAB , control:  TextTabsBar  -> event:  ON_SELECT_TAB , control: Tabs
[info] 18:15:47 +1 [base] Controller deactivated: DailyChestsController
[info] 18:15:47 +1 [base] Controller activated: OffersTabController
[info] 18:16:00 +1 [ui] UIDataParams redirect event:  ON_CLICK_BUTTON , control:  BuyButton  -> event:  ON_BUY_CLICKED , control: RightPart
[info] 18:16:00 +1 [ui] UIDataParams redirect event:  ON_BUY_CLICKED , control:  Footer  -> event:  ON_BUY_CLICKED , control: Screen
[info] 18:16:01 +1 [ui] UIDataParams redirect event:  ON_CLICK_BUTTON , control:  ButtonPositive  -> event:  ACCENT_ACTION , control: ButtonAccept
[info] 18:16:01 +1 [ui] UIDataParams redirect event:  ACCENT_CLICKED , control:  InfoTextDialog  -> event:  CONFIRMATION , control: NotEnoughStuffDialog
[info] 18:17:34 +1 [ui] UIDataParams redirect event:  ON_CLICK_BUTTON , control:  BackButton  -> event:  BACK_EVENT , control: BaseHeader
[info] 18:17:34 +1 [ui] UIDataParams redirect event:  BACK_EVENT , control:  BaseHeader  -> event:  BACK_EVENT , control: BaseHeader
[info] 18:17:34 +1 [base] Controller deactivated: OffersTabController
[info] 18:17:34 +1 [base] Controller deactivated: ShopController
[info] 18:17:34 +1 [base] Controller activated: HangarController
[info] 18:17:34 +1 [prebattle] SquadController::Activate
[info] 18:17:34 +1 [ui] UIDataParams redirect event:  FILTER_ANIMATION_FINISHED , control:  TanksPanel  -> event:  FILTER_ANIMATION_FINISHED , control: TanksPanelHolder
[info] 18:17:34 +1 [ui] UIDataParams redirect event:  INIT_STARTED_INDEX , control:  TankCell:european:It13_Progetto_M35_mod_46  -> event:  INIT_STARTED_INDEX , control: PlayerTanks
[info] 18:17:34 +1 [ui] UIDataParams redirect event:  HOVER , control:  ButtonDecorator  -> event:  HOVER , control: ContentHolder
[info] 18:17:35 +1 [ui] UIDataParams redirect event:  PUSH , control:  ButtonDecorator  -> event:  PUSH , control: ContentHolder
[info] 18:17:35 +1 [ui] UIDataParams redirect event:  PULL , control:  ButtonDecorator  -> event:  PULL , control: ContentHolder
[info] 18:17:35 +1 [ui] UIDataParams redirect event:  ON_TOUCH , control:  ButtonDecorator  -> event:  ON_TOUCH , control: ContentHolder
[info] 18:17:35 +1 [ui] UIDataParams redirect event:  ON_TOUCH , control:  StoryButton  -> event:  ON_BATTLEPASS_BTN_CLICKED , control: StoryBoxHolder
[info] 18:17:35 +1 [ui] UIDataParams redirect event:  ON_BATTLEPASS_BTN_CLICKED , control:  BattlePassBoxWidget  -> event:  ON_BATTLEPASS_BTN_CLICKED , control: BattlePassButton
[info] 18:17:35 +1 [ui] UIDataParams redirect event:  ON_BATTLEPASS_BTN_CLICKED , control:  StoryFragment  -> event:  ON_BATTLEPASS_BTN_CLICKED , control: StoryButtonsHolder
[info] 18:17:35 +1 [prebattle] SquadController::Deactivate
[info] 18:17:35 +1 [prebattle] SquadController::HideDialogAndUnsubscribeFromLogic
[warning] 18:17:35 +1 [ui] [UIEventsSystem] More then one event on frame ' ON_HOVER_END ' occured after ' ON_TOUCH_UP_INSIDE '
[info] 18:17:35 +1 [base] Controller deactivated: HangarController
[info] 18:17:35 +1 [base] Controller activated: BattlePassController
[info] 18:17:35 +1 [tutorial] Lesson destroyed: trainingRoomsLesson
[error] 18:17:36 +1 [ui] Style sheet can not find component UITextureComponent in control Texture
[error] 18:17:37 +1 [ui] Style sheet can not find component UITextComponent in control BodyBold
[error] 18:17:37 +1 [ui] Style sheet can not find component UITextComponent in control BodyBold
[error] 18:17:37 +1 [ui] Style sheet can not find component UITextComponent in control BodyBold
[error] 18:17:37 +1 [ui] Style sheet can not find component UITextComponent in control BodyBold
[error] 18:17:37 +1 [ui] Style sheet can not find component UITextComponent in control BodyBold
[error] 18:17:37 +1 [ui] Style sheet can not find component UITextComponent in control BodyBold
[error] 18:17:37 +1 [ui] Style sheet can not find component UITextComponent in control BodyBold
[error] 18:17:37 +1 [ui] Style sheet can not find component UITextComponent in control BodyBold
[info] 18:17:45 +1 [ui] UIDataParams redirect event:  ON_REWARD_CLICKED , control:  freeReward_0  -> event:  ON_REWARD_CLICKED , control: FreeRewards
[info] 18:17:45 +1 [ui] UIDataParams redirect event:  ON_REWARD_CLICKED , control:  levelRewardWithEffect0  -> event:  ON_REWARD_CLICKED , control: LevelsRewards
[info] 18:17:46 +1 [ui] UIDataParams redirect event:  ON_REWARD_CLICKED , control:  freeReward_0  -> event:  ON_REWARD_CLICKED , control: FreeRewards
[info] 18:17:46 +1 [ui] UIDataParams redirect event:  ON_REWARD_CLICKED , control:  levelRewardWithEffect0  -> event:  ON_REWARD_CLICKED , control: LevelsRewards
[info] 18:17:46 +1 [ui] UIDataParams redirect event:  FINISH_HIDE_POPUP_ANIMATION , control:  Slave  -> event:  FINISH_HIDE_POPUP_ANIMATION , control: RewardInfoPopup
[info] 18:17:46 +1 [ui] UIDataParams redirect event:  FINISH_HIDE_POPUP_ANIMATION , control:  RewardInfoPopup  -> event:  FINISH_HIDE_POPUP_ANIMATION , control: HintLayer
[info] 18:17:47 +1 [ui] UIDataParams redirect event:  ON_REWARD_CLICKED , control:  freeReward_0  -> event:  ON_REWARD_CLICKED , control: FreeRewards
[info] 18:17:47 +1 [ui] UIDataParams redirect event:  ON_REWARD_CLICKED , control:  levelRewardWithEffect0  -> event:  ON_REWARD_CLICKED , control: LevelsRewards
[info] 18:17:47 +1 [ui] UIDataParams redirect event:  FINISH_HIDE_POPUP_ANIMATION , control:  Slave  -> event:  FINISH_HIDE_POPUP_ANIMATION , control: RewardInfoPopup
[info] 18:17:47 +1 [ui] UIDataParams redirect event:  FINISH_HIDE_POPUP_ANIMATION , control:  RewardInfoPopup  -> event:  FINISH_HIDE_POPUP_ANIMATION , control: HintLayer
[info] 18:17:48 +1 [ui] UIDataParams redirect event:  ON_CLICK_BUTTON , control:  BackButton  -> event:  BACK_EVENT , control: BaseHeader
[info] 18:17:48 +1 [ui] UIDataParams redirect event:  BACK_EVENT , control:  BaseHeader  -> event:  BACK_BUTTON_CLICKED , control: Header
[info] 18:17:48 +1 [base] Controller deactivated: BattlePassController
[info] 18:17:48 +1 [base] Controller activated: HangarController
[info] 18:17:48 +1 [prebattle] SquadController::Activate
[info] 18:17:48 +1 [ui] UIDataParams redirect event:  FILTER_ANIMATION_FINISHED , control:  TanksPanel  -> event:  FILTER_ANIMATION_FINISHED , control: TanksPanelHolder
[info] 18:17:48 +1 [ui] UIDataParams redirect event:  INIT_STARTED_INDEX , control:  TankCell:european:It13_Progetto_M35_mod_46  -> event:  INIT_STARTED_INDEX , control: PlayerTanks
[info] 18:17:48 +1 [ui] UIDataParams redirect event:  FINISH_HIDE_POPUP_ANIMATION , control:  Slave  -> event:  FINISH_HIDE_POPUP_ANIMATION , control: TooltipChat
[info] 18:17:48 +1 [ui] UIDataParams redirect event:  FINISH_HIDE_POPUP_ANIMATION , control:  TooltipChat  -> event:  FINISH_HIDE_POPUP_ANIMATION , control: HintLayer
[info] 18:17:48 +1 [ui] UIDataParams redirect event:  HOVER , control:  ButtonDecorator  -> event:  HOVER , control: ContentHolder
[info] 18:17:48 +1 [ui] UIDataParams redirect event:  CANCEL_HOVER , control:  ButtonDecorator  -> event:  CANCEL_HOVER , control: ContentHolder
[info] 18:17:49 +1 [ui] UIDataParams redirect event:  TOURNAMENTS_PRESSED , control:  SideBar  -> event:  TOURNAMENTS_PRESSED , control: SideBar
[info] 18:17:50 +1 [prebattle] SquadController::Deactivate
[info] 18:17:50 +1 [prebattle] SquadController::HideDialogAndUnsubscribeFromLogic
[info] 18:17:50 +1 [base] Controller deactivated: HangarController
[info] 18:17:50 +1 [base] Controller activated: Tournament
[info] 18:17:50 +1 [tutorial] Lesson destroyed: chatLesson
[info] 18:17:50 +1 [base] Controller activated: TournamentList
[info] 18:17:50 +1 [base] Controller deactivated: TournamentList
[info] 18:17:50 +1 [base] Controller deactivated: Tournament
[info] 18:17:50 +1 [base] Controller activated: HangarController
[info] 18:17:50 +1 [prebattle] SquadController::Activate
[info] 18:17:50 +1 [ui] UIDataParams redirect event:  FILTER_ANIMATION_FINISHED , control:  TanksPanel  -> event:  FILTER_ANIMATION_FINISHED , control: TanksPanelHolder
[info] 18:17:50 +1 [ui] UIDataParams redirect event:  INIT_STARTED_INDEX , control:  TankCell:european:It13_Progetto_M35_mod_46  -> event:  INIT_STARTED_INDEX , control: PlayerTanks
[info] 18:17:51 +1 [ui] UIDataParams redirect event:  FINISH_HIDE_POPUP_ANIMATION , control:  Slave  -> event:  FINISH_HIDE_POPUP_ANIMATION , control: TooltipChat
[info] 18:17:51 +1 [ui] UIDataParams redirect event:  FINISH_HIDE_POPUP_ANIMATION , control:  TooltipChat  -> event:  FINISH_HIDE_POPUP_ANIMATION , control: HintLayer
[info] 18:17:55 +1 [ui] UIDataParams redirect event:  ON_CLICK_BUTTON , control:  IconButton  -> event:  CLOSE_OFFER , control: CloseButton
[info] OffersRequester::SendExternalOfferResult prmp_postpone
[info] 18:17:55 +1 [ui] UIDataParams redirect event:  STOP_FULL_PIGGY_EFFECTS , control:  LimitedTimeOffer0  -> event:  StopFullPiggyEffects , control: Slider
[info] 18:17:56 +1 [ui] UIDataParams redirect event:  ON_PRESSED , control:  PlayerAvatar  -> event:  ON_PRESSED , control: Avatar
[info] 18:17:56 +1 [ui] UIDataParams redirect event:  ON_PRESSED , control:  AvatarWithRating  -> event:  AVATAR_PRESSED , control: Avatar
[info] 18:17:56 +1 [ui] UIDataParams redirect event:  AVATAR_PRESSED , control:  SideBar  -> event:  SHOW_ACHIEVEMENTS , control: SideBar
[info] 18:17:56 +1 [prebattle] SquadController::Deactivate
[info] 18:17:56 +1 [prebattle] SquadController::HideDialogAndUnsubscribeFromLogic
[info] 18:17:56 +1 [base] Controller deactivated: HangarController
[info] 18:17:56 +1 [base] Controller activated: ProfileController
[info] 18:17:56 +1 [tutorial] Lesson destroyed: chatLesson
[info] 18:17:56 +1 [base] Controller activated: UIBriefTabController
[info] 18:17:57 +1 [ui] UIDataParams redirect event:  ON_PRESSED , control:  PlayerAvatar  -> event:  SHOW_AVATAR_INFO , control: PlayerInfo
[info] 18:17:57 +1 [ui] UIDataParams redirect event:  SHOW_AVATAR_INFO , control:  PlayerInfo  -> event:  SHOW_AVATAR_INFO , control: Content
[info] 18:17:57 +1 [ui] UIDataParams redirect event:  SHOW_AVATAR_INFO , control:  BriefTab  -> event:  SHOW_AVATAR_INFO , control: BriefTab
[info] 18:17:58 +1 [base] Controller deactivated: UIBriefTabController
[info] 18:17:58 +1 [base] Controller deactivated: ProfileController
[info] 18:17:58 +1 [base] Controller activated: AvatarsScreenController
[info] 18:17:58 +1 [base] Controller activated: AvatarDescriptionController
[info] 18:17:58 +1 [base] Controller activated: MyAvatarsCategoryController
[info] 18:18:01 +1 [ui] UIDataParams redirect event:  ON_CLICK_BUTTON , control:  BackButton  -> event:  BACK_EVENT , control: BaseHeader
[info] 18:18:01 +1 [ui] UIDataParams redirect event:  BACK_EVENT , control:  BaseHeader  -> event:  BACK_EVENT , control: AvatarsHeader
[info] 18:18:01 +1 [ui] UIDataParams redirect event:  BACK_EVENT , control:  AvatarsHeader  -> event:  BACK_EVENT , control: Header
[info] 18:18:01 +1 [base] Controller deactivated: MyAvatarsCategoryController
[info] 18:18:01 +1 [base] Controller deactivated: AvatarDescriptionController
[info] 18:18:01 +1 [base] Controller deactivated: AvatarsScreenController
[info] 18:18:01 +1 [base] Controller activated: ProfileController
[info] 18:18:01 +1 [base] Controller activated: UIBriefTabController
[info] 18:18:02 +1 [ui] UIDataParams redirect event:  ON_CLICK_BUTTON , control:  BackButton  -> event:  BACK_EVENT , control: BaseHeader
[info] 18:18:02 +1 [ui] UIDataParams redirect event:  BACK_EVENT , control:  BaseHeader  -> event:  BACK_EVENT , control: Header
[info] 18:18:02 +1 [base] Controller deactivated: UIBriefTabController
[info] 18:18:02 +1 [base] Controller deactivated: ProfileController
[info] 18:18:02 +1 [base] Controller activated: HangarController
[info] 18:18:02 +1 [prebattle] SquadController::Activate
[info] 18:18:02 +1 [ui] UIDataParams redirect event:  STOP_FULL_PIGGY_EFFECTS , control:  LimitedTimeOffer0  -> event:  StopFullPiggyEffects , control: Slider
[info] 18:18:02 +1 [ui] UIDataParams redirect event:  FILTER_ANIMATION_FINISHED , control:  TanksPanel  -> event:  FILTER_ANIMATION_FINISHED , control: TanksPanelHolder
[info] 18:18:02 +1 [ui] UIDataParams redirect event:  INIT_STARTED_INDEX , control:  TankCell:european:It13_Progetto_M35_mod_46  -> event:  INIT_STARTED_INDEX , control: PlayerTanks
[info] 18:18:02 +1 [ui] UIDataParams redirect event:  NEWS_PRESSED , control:  SideBar  -> event:  NEWS_PRESSED , control: SideBar
[info] 18:18:03 +1 [prebattle] SquadController::Deactivate
[info] 18:18:03 +1 [prebattle] SquadController::HideDialogAndUnsubscribeFromLogic
[info] 18:18:03 +1 [base] Controller deactivated: HangarController
[info] 18:18:03 +1 [base] Controller activated: NewsController
[info] 18:18:03 +1 [tutorial] Lesson destroyed: chatLesson
[info] 18:18:03 +1 [ui] UIDataParams redirect event:  NEWS_TAB_INIT , control:  NewsContent  -> event:  NEWS_TAB_INIT , control: Content
[info] 18:18:05 +1 [base] Controller activated: NewsTabNotificationsController
[info] 18:18:06 +1 [ui] UIDataParams redirect event:  ON_CLICK_BUTTON , control:  BackButton  -> event:  BACK_EVENT , control: BaseHeader
[info] 18:18:06 +1 [ui] UIDataParams redirect event:  BACK_EVENT , control:  BaseHeader  -> event:  BACK_EVENT , control: Header
[info] 18:18:06 +1 [base] Controller deactivated: NewsTabNotificationsController
[info] 18:18:06 +1 [base] Controller deactivated: NewsController
[info] 18:18:06 +1 [base] Controller activated: HangarController
[info] 18:18:06 +1 [prebattle] SquadController::Activate
[info] 18:18:06 +1 [ui] UIDataParams redirect event:  STOP_FULL_PIGGY_EFFECTS , control:  LimitedTimeOffer0  -> event:  StopFullPiggyEffects , control: Slider
[info] 18:18:06 +1 [ui] UIDataParams redirect event:  FILTER_ANIMATION_FINISHED , control:  TanksPanel  -> event:  FILTER_ANIMATION_FINISHED , control: TanksPanelHolder
[info] 18:18:06 +1 [ui] UIDataParams redirect event:  INIT_STARTED_INDEX , control:  TankCell:european:It13_Progetto_M35_mod_46  -> event:  INIT_STARTED_INDEX , control: PlayerTanks
[info] 18:18:07 +1 [ui] UIDataParams redirect event:  BATTLE_TYPE_PRESSED , control:  BattleButton  -> event:  BATTLE_TYPE_PRESSED , control: BattleButtonContainer
[info] 18:18:07 +1 [prebattle] SquadController::Deactivate
[info] 18:18:07 +1 [prebattle] SquadController::HideDialogAndUnsubscribeFromLogic
[info] 18:18:07 +1 [base] Controller deactivated: HangarController
[info] 18:18:07 +1 [base] Controller activated: BattleTypeInfoController
[info] 18:18:07 +1 [tutorial] Lesson destroyed: chatLesson
[error] 18:18:07 +1 [engine] SceneFileV2::LoadSceneArchive failed to open file: ~res:/3d/FX/UI/Login5.4/dust_vortex.sc2
[error] 18:18:07 +1 [engine] SceneFileV2::LoadSceneArchive failed to open file: ~res:/3d/FX/UI/Login5.4/dust_vortex.sc2
[info] 18:18:09 +1 [base] Controller deactivated: BattleTypeInfoController
[info] 18:18:09 +1 [base] Controller activated: HangarController
[info] 18:18:09 +1 [prebattle] SquadController::Activate
[info] 18:18:10 +1 [ui] UIDataParams redirect event:  STOP_FULL_PIGGY_EFFECTS , control:  LimitedTimeOffer0  -> event:  StopFullPiggyEffects , control: Slider
[info] 18:18:10 +1 [ui] UIDataParams redirect event:  FILTER_ANIMATION_FINISHED , control:  TanksPanel  -> event:  FILTER_ANIMATION_FINISHED , control: TanksPanelHolder
[info] 18:18:10 +1 [ui] UIDataParams redirect event:  INIT_STARTED_INDEX , control:  TankCell:european:It13_Progetto_M35_mod_46  -> event:  INIT_STARTED_INDEX , control: PlayerTanks
[info] 18:18:10 +1 [ui] UIDataParams redirect event:  BATTLE_BUTTON_PRESSED , control:  BattleButton  -> event:  BATTLE_BUTTON_PRESSED , control: BattleButtonContainer
[info] 18:18:10 +1 [prebattle] SquadController::Deactivate
[info] 18:18:10 +1 [prebattle] SquadController::HideDialogAndUnsubscribeFromLogic
[info] 18:18:10 +1 [base] Controller deactivated: HangarController
[info] 18:18:10 +1 [base] Controller activated: RandomPrebattleController
[info] 18:18:10 +1 [tutorial] Lesson destroyed: chatLesson
[info] 18:18:12 +1 [BW] BlitzServerMessageHandler::onEntitiesReset - 0
[info] AccountGameLogic::onBecomeNonPlayer() 13789
[info] 18:18:12 +1 [base] Controller deactivated: RandomPrebattleController
[info] 18:18:12 +1 [prebattle] PrebattleRequester::SetRequestsProvider 0CAF487C
[info] 18:18:12 +1 [prebattle] PrebattleRequester::SetClientPrebattle
[info] 18:18:12 +1 [prebattle] RemoveEvent ClientPrebattle::EVENT_SQUAD_FORMED
[info] AvatarGameLogic::onBecomePlayer 13789
[info] 18:18:12 +1 [battle] avatar comes to context
[info] SetBattleState CREATED
[info] 18:18:12 +1 [battle] Battle started on map: pliego
[info] 18:18:12 +1 [net] Traceroute: Successfuly initialized
[info] 18:18:12 +1 [base] ScreensFlow::RequestToShowScreen GarageScreen:42 -> ArenaLoadingScreen:45067 13789
[info] ClientArena::ClearVehicleMap 0
[info] SetBattleState LOADING
[warning] 18:18:13 +1 [battle] isAutodetect: 0 isRewinding: 0 typeId: class AvatarContextBattle
[info] 18:18:13 +1 [render] Material group quality: Water = HIGH
[info] 18:18:13 +1 [render] Draw Water Reflection / Refraction: 0
[info] 18:18:13 +1 [render] Material group quality: Static object = LOW
[info] 18:18:13 +1 [render] Material group quality: Landscape = MEDIUM
[info] 18:18:13 +1 [render] Material group quality: Spherical Harmonics = MEDIUM
[info] 18:18:13 +1 [render] Material group quality: Decoration Objects = OFF
[info] 18:18:13 +1 [render] Material group quality: Reflections = LOW
[info] 18:18:13 +1 [render] Material group quality: Tank = MEDIUM
[info] 18:18:13 +1 [render] Material group quality: Vegetation = HIGH
[info] 18:18:13 +1 [render] Material group quality: VegetationCount = regular
[warning] Quality not defined for template: C:/Program Files (x86)/Steam/steamapps/common/World of Tanks Blitz/Data/Materials/SphericalLit.material, using default QualityDependentUniqueDefines.
[warning] Quality not defined for template: C:/Program Files (x86)/Steam/steamapps/common/World of Tanks Blitz/Data/Materials/SpeedTree.SphericalLit.material, using default QualityDependentUniqueDefines.
[warning] Quality not defined for template: C:/Program Files (x86)/Steam/steamapps/common/World of Tanks Blitz/Data/Materials/SphericalLit.material, using default QualityDependentUniqueDefines.
[warning] Quality not defined for template: C:/Program Files (x86)/Steam/steamapps/common/World of Tanks Blitz/Data/Materials/SpeedTree.SphericalLit.material, using default QualityDependentUniqueDefines.
[info] Cant purge lods: no render object
[warning] 18:18:24 +1 [battle] Creating DetachTurret entity for vehicleId =  7435145
[warning] 18:18:24 +1 [battle] DetachTurret entity address: 03667AAC
[info] Cant purge lods: no render object
[warning] 18:18:25 +1 [battle] Creating DetachTurret entity for vehicleId =  7435144
[warning] 18:18:25 +1 [battle] DetachTurret entity address: 03667AAC
[info] Cant purge lods: no render object
[warning] 18:18:26 +1 [battle] Creating DetachTurret entity for vehicleId =  7435150
[warning] 18:18:26 +1 [battle] DetachTurret entity address: 03667AAC
[info] Cant purge lods: no render object
[warning] 18:18:26 +1 [battle] Creating DetachTurret entity for vehicleId =  7435139
[warning] 18:18:26 +1 [battle] DetachTurret entity address: 03667AAC
[info] Cant purge lods: no render object
[warning] 18:18:27 +1 [battle] Creating DetachTurret entity for vehicleId =  7435141
[warning] 18:18:27 +1 [battle] DetachTurret entity address: 03667AAC
[warning] 18:18:27 +1 [battle] Creating DetachTurret entity for vehicleId =  7435142
[warning] 18:18:27 +1 [battle] DetachTurret entity address: 03667AAC
[info] Cant purge lods: no render object
[warning] 18:18:28 +1 [battle] Creating DetachTurret entity for vehicleId =  7435137
[warning] 18:18:28 +1 [battle] DetachTurret entity address: 03667AAC
[info] Cant purge lods: no render object
[warning] 18:18:28 +1 [battle] Creating DetachTurret entity for vehicleId =  7435147
[warning] 18:18:28 +1 [battle] DetachTurret entity address: 03667AAC
[info] Cant purge lods: no render object
[warning] 18:18:29 +1 [battle] Creating DetachTurret entity for vehicleId =  7435143
[warning] 18:18:29 +1 [battle] DetachTurret entity address: 03667AAC
[warning] 18:18:30 +1 [battle] Creating DetachTurret entity for vehicleId =  7435140
[warning] 18:18:30 +1 [battle] DetachTurret entity address: 03667AAC
[info] Cant purge lods: no render object
[warning] 18:18:30 +1 [battle] Creating DetachTurret entity for vehicleId =  7435149
[warning] 18:18:30 +1 [battle] DetachTurret entity address: 03667AAC
[info] Cant purge lods: no render object
[warning] 18:18:30 +1 [battle] Creating DetachTurret entity for vehicleId =  7435138
[warning] 18:18:30 +1 [battle] DetachTurret entity address: 03667AAC
[info] 18:18:34 +1 [booster] BoostersPanelViewImpl::SetViewHiddenCallback
[info] 18:18:34 +1 [booster] BoostersPanelViewImpl::SetViewShownCallback
[info] 18:18:34 +1 [booster] BoostersPanelViewImpl::HideFromScreen animationTime: 0.25 isOnScreen: 1 animate: 0
[info] 18:18:34 +1 [booster] BoostersPanelViewImpl::OnPanelHidden
[info] 18:18:34 +1 [booster] BoostersPanelViewImpl::NotifyViewHidden
[info] 18:18:34 +1 [booster] BoostersPanelController::NotifyPanelHidden
[info] 18:18:34 +1 [base] ScreensFlow::RequestToShowScreen ArenaLoadingScreen:45067 -> BattleScreen:721077 13995
[info] SetBattleState LOADED
[info] 18:18:34 +1 [net] Traceroute::BackgroundWorker: Main thread started
[info] 18:18:35 +1 [booster] BoostersPanelController::OnGameLogicComes
[info] 18:18:35 +1 [booster] SendFactorsAndBoosters
[info] 18:18:35 +1 [battle] HUDLayer::OnPeriodInfoUpdated: battle
[info] 18:18:35 +1 [booster] BoostersPanelController::SetPanelActive activate: 0 isPanelActive: 0
[info] 18:18:35 +1 [battle] game logic comes to tracer
[info] Create RayTester
[info] 18:18:35 +1 [render] Material group quality: Water = HIGH
[info] 18:18:35 +1 [render] Draw Water Reflection / Refraction: 0
[info] 18:18:35 +1 [render] Material group quality: Static object = LOW
[info] 18:18:35 +1 [render] Material group quality: Landscape = MEDIUM
[info] 18:18:35 +1 [render] Material group quality: Spherical Harmonics = MEDIUM
[info] 18:18:35 +1 [render] Material group quality: Decoration Objects = OFF
[info] 18:18:35 +1 [render] Material group quality: Reflections = LOW
[info] 18:18:35 +1 [render] Material group quality: Tank = MEDIUM
[info] 18:18:35 +1 [render] Material group quality: Vegetation = HIGH
[info] 18:18:35 +1 [render] Material group quality: VegetationCount = regular
[error] 18:18:36 +1 [base] Try to load non-existent sprite: ' ~res:/Gfx/UI/BattleScreenHUD/SightCursorSniper '
[error] 18:18:36 +1 [base] Try to load non-existent sprite: ' ~res:/Gfx/UI/BattleScreenHUD/SightCursor '
[error] 18:18:36 +1 [base] Try to load non-existent sprite: ' ~res:/Gfx/UI/InventoryIcons/Normal/OptionalDevices/antifragmentationLining.txt '
[error] 18:18:36 +1 [base] Try to load non-existent sprite: ' ~res:/Gfx/UI/InventoryIcons/Normal/OptionalDevices/steelRollers.txt '
[error] 18:18:37 +1 [base] Try to load non-existent sprite: ' ~res:/Gfx/UI/BattleScreenHUD/RibbonEmbelishments/StripesSnow.psd '
[error] 18:18:37 +1 [base] Try to load non-existent sprite: ' ~res:/Gfx/UI/InventoryIcons/Normal/Consumables/smallRepairkit.txt '
[error] 18:18:37 +1 [base] Try to load non-existent sprite: ' ~res:/Gfx/UI/InventoryIcons/Normal/Consumables/autoExtinguishers.txt '
[error] 18:18:37 +1 [base] Try to load non-existent sprite: ' ~res:/Gfx/UI/InventoryIcons/Normal/OptionalDevices/wetCombatPack.txt '
[error] 18:18:37 +1 [base] Try to load non-existent sprite: ' ~res:/Gfx/UI/InventoryIcons/Normal/OptionalDevices/stereoscope.txt '
[error] 18:18:37 +1 [base] Try to load non-existent sprite: ' ~res:/Gfx/UI/InventoryIcons/Normal/OptionalDevices/carbonDioxide.txt '
[error] 18:18:37 +1 [base] Try to load non-existent sprite: ' ~res:/Gfx/UI/InventoryIcons/Normal/OptionalDevices/grousers.txt '
[error] 18:18:37 +1 [base] Try to load non-existent sprite: ' ~res:/Gfx/UI/InventoryIcons/Normal/OptionalDevices/filterCyclone.txt '
[warning] 18:18:38 +1 [BW] W ServerConnection::processInput(7460802): There were 3465 ms between packets
[info] 18:18:55 +1 [render] Adding vehicle after arena loading is finished. Freeze is expected
[info] 18:18:56 +1 [render] Adding vehicle after arena loading is finished. Freeze is expected
[info] 18:18:57 +1 [render] Adding vehicle after arena loading is finished. Freeze is expected
[info] 18:18:57 +1 [render] Adding vehicle after arena loading is finished. Freeze is expected
[info] 18:18:58 +1 [render] Adding vehicle after arena loading is finished. Freeze is expected
[info] 18:18:58 +1 [render] Adding vehicle after arena loading is finished. Freeze is expected
[info] 18:19:00 +1 [render] Adding vehicle after arena loading is finished. Freeze is expected
[info] 18:19:22 +1 [render] Adding vehicle after arena loading is finished. Freeze is expected
[info] 18:19:25 +1 [render] Adding vehicle after arena loading is finished. Freeze is expected
[info] 18:19:28 +1 [render] Adding vehicle after arena loading is finished. Freeze is expected
